# JRE version: Java(TM) SE Runtime Environment (8.0_151-b12) (build 1.8.0_151-b12)
# Java VM: Java HotSpot(TM) 64-Bit Server VM (25.151-b12 mixed mode windows-amd64 compressed oops)
Heap:
 PSYoungGen      total 38400K, used 7855K [0x00000000d5f00000, 0x00000000da680000, 0x0000000100000000)
  eden space 33280K, 14% used [0x00000000d5f00000,0x00000000d63ddd70,0x00000000d7f80000)
  from space 5120K, 56% used [0x00000000d7f80000,0x00000000d824dff0,0x00000000d8480000)
  to   space 9216K, 0% used [0x00000000d9d80000,0x00000000d9d80000,0x00000000da680000)
 ParOldGen       total 55296K, used 7508K [0x0000000081c00000, 0x0000000085200000, 0x00000000d5f00000)
  object space 55296K, 13% used [0x0000000081c00000,0x0000000082355380,0x0000000085200000)
 Metaspace       used 22860K, capacity 23222K, committed 23472K, reserved 1069056K
  class space    used 2899K, capacity 3004K, committed 3072K, reserved 1048576K
GC Heap History (10 events):
Event: 3.885 GC heap before
{Heap before GC invocations=4 (full 0):
 PSYoungGen      total 38400K, used 38398K [0x00000000d5f00000, 0x00000000d8980000, 0x0000000100000000)
  eden space 33280K, 100% used [0x00000000d5f00000,0x00000000d7f80000,0x00000000d7f80000)
  from space 5120K, 99% used [0x00000000d7f80000,0x00000000d847f8b0,0x00000000d8480000)
  to   space 5120K, 0% used [0x00000000d8480000,0x00000000d8480000,0x00000000d8980000)
 ParOldGen       total 87552K, used 771K [0x0000000081c00000, 0x0000000087180000, 0x00000000d5f00000)
  object space 87552K, 0% used [0x0000000081c00000,0x0000000081cc0c08,0x0000000087180000)
 Metaspace       used 16666K, capacity 16866K, committed 17024K, reserved 1064960K
  class space    used 2091K, capacity 2151K, committed 2176K, reserved 1048576K
Event: 3.892 GC heap after
Heap after GC invocations=4 (full 0):
 PSYoungGen      total 38400K, used 5093K [0x00000000d5f00000, 0x00000000d8980000, 0x0000000100000000)
  eden space 33280K, 0% used [0x00000000d5f00000,0x00000000d5f00000,0x00000000d7f80000)
  from space 5120K, 99% used [0x00000000d8480000,0x00000000d8979520,0x00000000d8980000)
  to   space 5120K, 0% used [0x00000000d7f80000,0x00000000d7f80000,0x00000000d8480000)
 ParOldGen       total 87552K, used 2940K [0x0000000081c00000, 0x0000000087180000, 0x00000000d5f00000)
  object space 87552K, 3% used [0x0000000081c00000,0x0000000081edf140,0x0000000087180000)
 Metaspace       used 16666K, capacity 16866K, committed 17024K, reserved 1064960K
  class space    used 2091K, capacity 2151K, committed 2176K, reserved 1048576K
}
Event: 4.132 GC heap before
{Heap before GC invocations=5 (full 0):
 PSYoungGen      total 38400K, used 38373K [0x00000000d5f00000, 0x00000000d8980000, 0x0000000100000000)
  eden space 33280K, 100% used [0x00000000d5f00000,0x00000000d7f80000,0x00000000d7f80000)
  from space 5120K, 99% used [0x00000000d8480000,0x00000000d8979520,0x00000000d8980000)
  to   space 5120K, 0% used [0x00000000d7f80000,0x00000000d7f80000,0x00000000d8480000)
 ParOldGen       total 87552K, used 2940K [0x0000000081c00000, 0x0000000087180000, 0x00000000d5f00000)
  object space 87552K, 3% used [0x0000000081c00000,0x0000000081edf140,0x0000000087180000)
 Metaspace       used 18674K, capacity 18892K, committed 19072K, reserved 1067008K
  class space    used 2338K, capacity 2398K, committed 2432K, reserved 1048576K
Event: 4.137 GC heap after
Heap after GC invocations=5 (full 0):
 PSYoungGen      total 38400K, used 5117K [0x00000000d5f00000, 0x00000000d8980000, 0x0000000100000000)
  eden space 33280K, 0% used [0x00000000d5f00000,0x00000000d5f00000,0x00000000d7f80000)
  from space 5120K, 99% used [0x00000000d7f80000,0x00000000d847f778,0x00000000d8480000)
  to   space 5120K, 0% used [0x00000000d8480000,0x00000000d8480000,0x00000000d8980000)
 ParOldGen       total 87552K, used 4607K [0x0000000081c00000, 0x0000000087180000, 0x00000000d5f00000)
  object space 87552K, 5% used [0x0000000081c00000,0x000000008207fef0,0x0000000087180000)
 Metaspace       used 18674K, capacity 18892K, committed 19072K, reserved 1067008K
  class space    used 2338K, capacity 2398K, committed 2432K, reserved 1048576K
}
Event: 4.327 GC heap before
{Heap before GC invocations=6 (full 0):
 PSYoungGen      total 38400K, used 37413K [0x00000000d5f00000, 0x00000000d8980000, 0x0000000100000000)
  eden space 33280K, 97% used [0x00000000d5f00000,0x00000000d7e89ce8,0x00000000d7f80000)
  from space 5120K, 99% used [0x00000000d7f80000,0x00000000d847f778,0x00000000d8480000)
  to   space 5120K, 0% used [0x00000000d8480000,0x00000000d8480000,0x00000000d8980000)
 ParOldGen       total 87552K, used 4607K [0x0000000081c00000, 0x0000000087180000, 0x00000000d5f00000)
  object space 87552K, 5% used [0x0000000081c00000,0x000000008207fef0,0x0000000087180000)
 Metaspace       used 20868K, capacity 21202K, committed 21296K, reserved 1069056K
  class space    used 2610K, capacity 2678K, committed 2688K, reserved 1048576K
Event: 4.333 GC heap after
Heap after GC invocations=6 (full 0):
 PSYoungGen      total 38400K, used 5089K [0x00000000d5f00000, 0x00000000d8980000, 0x0000000100000000)
  eden space 33280K, 0% used [0x00000000d5f00000,0x00000000d5f00000,0x00000000d7f80000)
  from space 5120K, 99% used [0x00000000d8480000,0x00000000d8978438,0x00000000d8980000)
  to   space 5120K, 0% used [0x00000000d7f80000,0x00000000d7f80000,0x00000000d8480000)
 ParOldGen       total 87552K, used 6701K [0x0000000081c00000, 0x0000000087180000, 0x00000000d5f00000)
  object space 87552K, 7% used [0x0000000081c00000,0x000000008228b418,0x0000000087180000)
 Metaspace       used 20868K, capacity 21202K, committed 21296K, reserved 1069056K
  class space    used 2610K, capacity 2678K, committed 2688K, reserved 1048576K
}
Event: 4.333 GC heap before
{Heap before GC invocations=7 (full 1):
 PSYoungGen      total 38400K, used 5089K [0x00000000d5f00000, 0x00000000d8980000, 0x0000000100000000)
  eden space 33280K, 0% used [0x00000000d5f00000,0x00000000d5f00000,0x00000000d7f80000)
  from space 5120K, 99% used [0x00000000d8480000,0x00000000d8978438,0x00000000d8980000)
  to   space 5120K, 0% used [0x00000000d7f80000,0x00000000d7f80000,0x00000000d8480000)
 ParOldGen       total 87552K, used 6701K [0x0000000081c00000, 0x0000000087180000, 0x00000000d5f00000)
  object space 87552K, 7% used [0x0000000081c00000,0x000000008228b418,0x0000000087180000)
 Metaspace       used 20868K, capacity 21202K, committed 21296K, reserved 1069056K
  class space    used 2610K, capacity 2678K, committed 2688K, reserved 1048576K
Event: 4.369 GC heap after
Heap after GC invocations=7 (full 1):
 PSYoungGen      total 38400K, used 0K [0x00000000d5f00000, 0x00000000d8980000, 0x0000000100000000)
  eden space 33280K, 0% used [0x00000000d5f00000,0x00000000d5f00000,0x00000000d7f80000)
  from space 5120K, 0% used [0x00000000d8480000,0x00000000d8480000,0x00000000d8980000)
  to   space 5120K, 0% used [0x00000000d7f80000,0x00000000d7f80000,0x00000000d8480000)
 ParOldGen       total 55296K, used 7500K [0x0000000081c00000, 0x0000000085200000, 0x00000000d5f00000)
  object space 55296K, 13% used [0x0000000081c00000,0x0000000082353380,0x0000000085200000)
 Metaspace       used 20868K, capacity 21202K, committed 21296K, reserved 1069056K
  class space    used 2610K, capacity 2678K, committed 2688K, reserved 1048576K
}
Event: 4.726 GC heap before
{Heap before GC invocations=8 (full 1):
 PSYoungGen      total 38400K, used 33280K [0x00000000d5f00000, 0x00000000d8980000, 0x0000000100000000)
  eden space 33280K, 100% used [0x00000000d5f00000,0x00000000d7f80000,0x00000000d7f80000)
  from space 5120K, 0% used [0x00000000d8480000,0x00000000d8480000,0x00000000d8980000)
  to   space 5120K, 0% used [0x00000000d7f80000,0x00000000d7f80000,0x00000000d8480000)
 ParOldGen       total 55296K, used 7500K [0x0000000081c00000, 0x0000000085200000, 0x00000000d5f00000)
  object space 55296K, 13% used [0x0000000081c00000,0x0000000082353380,0x0000000085200000)
 Metaspace       used 22390K, capacity 22742K, committed 22832K, reserved 1069056K
  class space    used 2830K, capacity 2908K, committed 2944K, reserved 1048576K
Event: 4.729 GC heap after
Heap after GC invocations=8 (full 1):
 PSYoungGen      total 38400K, used 2871K [0x00000000d5f00000, 0x00000000da680000, 0x0000000100000000)
  eden space 33280K, 0% used [0x00000000d5f00000,0x00000000d5f00000,0x00000000d7f80000)
  from space 5120K, 56% used [0x00000000d7f80000,0x00000000d824dff0,0x00000000d8480000)
  to   space 9216K, 0% used [0x00000000d9d80000,0x00000000d9d80000,0x00000000da680000)
 ParOldGen       total 55296K, used 7508K [0x0000000081c00000, 0x0000000085200000, 0x00000000d5f00000)
  object space 55296K, 13% used [0x0000000081c00000,0x0000000082355380,0x0000000085200000)
 Metaspace       used 22390K, capacity 22742K, committed 22832K, reserved 1069056K
  class space    used 2830K, capacity 2908K, committed 2944K, reserved 1048576K
}

