# JRE version: Java(TM) SE Runtime Environment (8.0_151-b12) (build 1.8.0_151-b12)
# Java VM: Java HotSpot(TM) 64-Bit Server VM (25.151-b12 mixed mode windows-amd64 compressed oops)
Heap:
 PSYoungGen      total 38400K, used 24300K [0x00000000d5f00000, 0x00000000d9f00000, 0x0000000100000000)
  eden space 29696K, 74% used [0x00000000d5f00000,0x00000000d74977e0,0x00000000d7c00000)
  from space 8704K, 25% used [0x00000000d7c00000,0x00000000d7e23b98,0x00000000d8480000)
  to   space 9216K, 0% used [0x00000000d9600000,0x00000000d9600000,0x00000000d9f00000)
 ParOldGen       total 56320K, used 7072K [0x0000000081c00000, 0x0000000085300000, 0x00000000d5f00000)
  object space 56320K, 12% used [0x0000000081c00000,0x00000000822e8320,0x0000000085300000)
 Metaspace       used 23306K, capacity 23656K, committed 23808K, reserved 1071104K
  class space    used 2947K, capacity 3039K, committed 3072K, reserved 1048576K
GC Heap History (10 events):
Event: 2.044 GC heap before
{Heap before GC invocations=4 (full 0):
 PSYoungGen      total 38400K, used 38371K [0x00000000d5f00000, 0x00000000d8980000, 0x0000000100000000)
  eden space 33280K, 99% used [0x00000000d5f00000,0x00000000d7f7f580,0x00000000d7f80000)
  from space 5120K, 99% used [0x00000000d7f80000,0x00000000d8479770,0x00000000d8480000)
  to   space 5120K, 0% used [0x00000000d8480000,0x00000000d8480000,0x00000000d8980000)
 ParOldGen       total 87552K, used 767K [0x0000000081c00000, 0x0000000087180000, 0x00000000d5f00000)
  object space 87552K, 0% used [0x0000000081c00000,0x0000000081cbfed8,0x0000000087180000)
 Metaspace       used 16820K, capacity 17096K, committed 17280K, reserved 1064960K
  class space    used 2103K, capacity 2168K, committed 2176K, reserved 1048576K
Event: 2.051 GC heap after
Heap after GC invocations=4 (full 0):
 PSYoungGen      total 38400K, used 5099K [0x00000000d5f00000, 0x00000000d8980000, 0x0000000100000000)
  eden space 33280K, 0% used [0x00000000d5f00000,0x00000000d5f00000,0x00000000d7f80000)
  from space 5120K, 99% used [0x00000000d8480000,0x00000000d897ae38,0x00000000d8980000)
  to   space 5120K, 0% used [0x00000000d7f80000,0x00000000d7f80000,0x00000000d8480000)
 ParOldGen       total 87552K, used 3071K [0x0000000081c00000, 0x0000000087180000, 0x00000000d5f00000)
  object space 87552K, 3% used [0x0000000081c00000,0x0000000081efff58,0x0000000087180000)
 Metaspace       used 16820K, capacity 17096K, committed 17280K, reserved 1064960K
  class space    used 2103K, capacity 2168K, committed 2176K, reserved 1048576K
}
Event: 2.281 GC heap before
{Heap before GC invocations=5 (full 0):
 PSYoungGen      total 38400K, used 38379K [0x00000000d5f00000, 0x00000000d8980000, 0x0000000100000000)
  eden space 33280K, 100% used [0x00000000d5f00000,0x00000000d7f80000,0x00000000d7f80000)
  from space 5120K, 99% used [0x00000000d8480000,0x00000000d897ae38,0x00000000d8980000)
  to   space 5120K, 0% used [0x00000000d7f80000,0x00000000d7f80000,0x00000000d8480000)
 ParOldGen       total 87552K, used 3071K [0x0000000081c00000, 0x0000000087180000, 0x00000000d5f00000)
  object space 87552K, 3% used [0x0000000081c00000,0x0000000081efff58,0x0000000087180000)
 Metaspace       used 18988K, capacity 19246K, committed 19328K, reserved 1067008K
  class space    used 2386K, capacity 2432K, committed 2432K, reserved 1048576K
Event: 2.291 GC heap after
Heap after GC invocations=5 (full 0):
 PSYoungGen      total 38400K, used 5089K [0x00000000d5f00000, 0x00000000d8980000, 0x0000000100000000)
  eden space 33280K, 0% used [0x00000000d5f00000,0x00000000d5f00000,0x00000000d7f80000)
  from space 5120K, 99% used [0x00000000d7f80000,0x00000000d8478418,0x00000000d8480000)
  to   space 5120K, 0% used [0x00000000d8480000,0x00000000d8480000,0x00000000d8980000)
 ParOldGen       total 87552K, used 5074K [0x0000000081c00000, 0x0000000087180000, 0x00000000d5f00000)
  object space 87552K, 5% used [0x0000000081c00000,0x00000000820f4ab8,0x0000000087180000)
 Metaspace       used 18988K, capacity 19246K, committed 19328K, reserved 1067008K
  class space    used 2386K, capacity 2432K, committed 2432K, reserved 1048576K
}
Event: 2.449 GC heap before
{Heap before GC invocations=6 (full 0):
 PSYoungGen      total 38400K, used 31009K [0x00000000d5f00000, 0x00000000d8980000, 0x0000000100000000)
  eden space 33280K, 77% used [0x00000000d5f00000,0x00000000d7850250,0x00000000d7f80000)
  from space 5120K, 99% used [0x00000000d7f80000,0x00000000d8478418,0x00000000d8480000)
  to   space 5120K, 0% used [0x00000000d8480000,0x00000000d8480000,0x00000000d8980000)
 ParOldGen       total 87552K, used 5074K [0x0000000081c00000, 0x0000000087180000, 0x00000000d5f00000)
  object space 87552K, 5% used [0x0000000081c00000,0x00000000820f4ab8,0x0000000087180000)
 Metaspace       used 20871K, capacity 21196K, committed 21296K, reserved 1069056K
  class space    used 2614K, capacity 2677K, committed 2688K, reserved 1048576K
Event: 2.454 GC heap after
Heap after GC invocations=6 (full 0):
 PSYoungGen      total 34816K, used 5096K [0x00000000d5f00000, 0x00000000db100000, 0x0000000100000000)
  eden space 29696K, 0% used [0x00000000d5f00000,0x00000000d5f00000,0x00000000d7c00000)
  from space 5120K, 99% used [0x00000000d8480000,0x00000000d897a3d8,0x00000000d8980000)
  to   space 8704K, 0% used [0x00000000d7c00000,0x00000000d7c00000,0x00000000d8480000)
 ParOldGen       total 87552K, used 6610K [0x0000000081c00000, 0x0000000087180000, 0x00000000d5f00000)
  object space 87552K, 7% used [0x0000000081c00000,0x0000000082274bc8,0x0000000087180000)
 Metaspace       used 20871K, capacity 21196K, committed 21296K, reserved 1069056K
  class space    used 2614K, capacity 2677K, committed 2688K, reserved 1048576K
}
Event: 2.454 GC heap before
{Heap before GC invocations=7 (full 1):
 PSYoungGen      total 34816K, used 5096K [0x00000000d5f00000, 0x00000000db100000, 0x0000000100000000)
  eden space 29696K, 0% used [0x00000000d5f00000,0x00000000d5f00000,0x00000000d7c00000)
  from space 5120K, 99% used [0x00000000d8480000,0x00000000d897a3d8,0x00000000d8980000)
  to   space 8704K, 0% used [0x00000000d7c00000,0x00000000d7c00000,0x00000000d8480000)
 ParOldGen       total 87552K, used 6610K [0x0000000081c00000, 0x0000000087180000, 0x00000000d5f00000)
  object space 87552K, 7% used [0x0000000081c00000,0x0000000082274bc8,0x0000000087180000)
 Metaspace       used 20871K, capacity 21196K, committed 21296K, reserved 1069056K
  class space    used 2614K, capacity 2677K, committed 2688K, reserved 1048576K
Event: 2.486 GC heap after
Heap after GC invocations=7 (full 1):
 PSYoungGen      total 34816K, used 0K [0x00000000d5f00000, 0x00000000db100000, 0x0000000100000000)
  eden space 29696K, 0% used [0x00000000d5f00000,0x00000000d5f00000,0x00000000d7c00000)
  from space 5120K, 0% used [0x00000000d8480000,0x00000000d8480000,0x00000000d8980000)
  to   space 8704K, 0% used [0x00000000d7c00000,0x00000000d7c00000,0x00000000d8480000)
 ParOldGen       total 56320K, used 7064K [0x0000000081c00000, 0x0000000085300000, 0x00000000d5f00000)
  object space 56320K, 12% used [0x0000000081c00000,0x00000000822e6320,0x0000000085300000)
 Metaspace       used 20871K, capacity 21196K, committed 21296K, reserved 1069056K
  class space    used 2614K, capacity 2677K, committed 2688K, reserved 1048576K
}
Event: 2.701 GC heap before
{Heap before GC invocations=8 (full 1):
 PSYoungGen      total 34816K, used 29696K [0x00000000d5f00000, 0x00000000db100000, 0x0000000100000000)
  eden space 29696K, 100% used [0x00000000d5f00000,0x00000000d7c00000,0x00000000d7c00000)
  from space 5120K, 0% used [0x00000000d8480000,0x00000000d8480000,0x00000000d8980000)
  to   space 8704K, 0% used [0x00000000d7c00000,0x00000000d7c00000,0x00000000d8480000)
 ParOldGen       total 56320K, used 7064K [0x0000000081c00000, 0x0000000085300000, 0x00000000d5f00000)
  object space 56320K, 12% used [0x0000000081c00000,0x00000000822e6320,0x0000000085300000)
 Metaspace       used 21882K, capacity 22224K, committed 22576K, reserved 1069056K
  class space    used 2761K, capacity 2843K, committed 2944K, reserved 1048576K
Event: 2.703 GC heap after
Heap after GC invocations=8 (full 1):
 PSYoungGen      total 38400K, used 2190K [0x00000000d5f00000, 0x00000000d9f00000, 0x0000000100000000)
  eden space 29696K, 0% used [0x00000000d5f00000,0x00000000d5f00000,0x00000000d7c00000)
  from space 8704K, 25% used [0x00000000d7c00000,0x00000000d7e23b98,0x00000000d8480000)
  to   space 9216K, 0% used [0x00000000d9600000,0x00000000d9600000,0x00000000d9f00000)
 ParOldGen       total 56320K, used 7072K [0x0000000081c00000, 0x0000000085300000, 0x00000000d5f00000)
  object space 56320K, 12% used [0x0000000081c00000,0x00000000822e8320,0x0000000085300000)
 Metaspace       used 21882K, capacity 22224K, committed 22576K, reserved 1069056K
  class space    used 2761K, capacity 2843K, committed 2944K, reserved 1048576K
}

